Analysis & Synthesis report for lab5part2
Mon Oct 23 10:08:00 2023
Quartus Prime Version 18.0.0 Build 614 04/24/2018 SJ Standard Edition


---------------------
; Table of Contents ;
---------------------
  1. Legal Notice
  2. Analysis & Synthesis Summary
  3. Analysis & Synthesis Settings
  4. Parallel Compilation
  5. Analysis & Synthesis Source Files Read
  6. Analysis & Synthesis Resource Usage Summary
  7. Analysis & Synthesis Resource Utilization by Entity
  8. User-Specified and Inferred Latches
  9. General Register Statistics
 10. Multiplexer Restructuring Statistics (Restructuring Performed)
 11. Parameter Settings for User Entity Instance: part2:yy
 12. Parameter Settings for User Entity Instance: part2:yy|RateDivider1:a3
 13. Port Connectivity Checks: "part2:yy|DisplayCounter:b1"
 14. Port Connectivity Checks: "part2:yy|RateDivider1:a3"
 15. Port Connectivity Checks: "part2:yy|RateDivider0:a2"
 16. Post-Synthesis Netlist Statistics for Top Partition
 17. Elapsed Time Per Partition
 18. Analysis & Synthesis Messages



----------------
; Legal Notice ;
----------------
Copyright (C) 2018  Intel Corporation. All rights reserved.
Your use of Intel Corporation's design tools, logic functions 
and other software and tools, and its AMPP partner logic 
functions, and any output files from any of the foregoing 
(including device programming or simulation files), and any 
associated documentation or information are expressly subject 
to the terms and conditions of the Intel Program License 
Subscription Agreement, the Intel Quartus Prime License Agreement,
the Intel FPGA IP License Agreement, or other applicable license
agreement, including, without limitation, that your use is for
the sole purpose of programming logic devices manufactured by
Intel and sold by Intel or its authorized distributors.  Please
refer to the applicable agreement for further details.



+-----------------------------------------------------------------------------------+
; Analysis & Synthesis Summary                                                      ;
+---------------------------------+-------------------------------------------------+
; Analysis & Synthesis Status     ; Successful - Mon Oct 23 10:08:00 2023           ;
; Quartus Prime Version           ; 18.0.0 Build 614 04/24/2018 SJ Standard Edition ;
; Revision Name                   ; lab5part2                                       ;
; Top-level Entity Name           ; mux                                             ;
; Family                          ; Cyclone V                                       ;
; Logic utilization (in ALMs)     ; N/A                                             ;
; Total registers                 ; 31                                              ;
; Total pins                      ; 22                                              ;
; Total virtual pins              ; 0                                               ;
; Total block memory bits         ; 0                                               ;
; Total DSP Blocks                ; 0                                               ;
; Total HSSI RX PCSs              ; 0                                               ;
; Total HSSI PMA RX Deserializers ; 0                                               ;
; Total HSSI TX PCSs              ; 0                                               ;
; Total HSSI PMA TX Serializers   ; 0                                               ;
; Total PLLs                      ; 0                                               ;
; Total DLLs                      ; 0                                               ;
+---------------------------------+-------------------------------------------------+


+---------------------------------------------------------------------------------------------------------------------------+
; Analysis & Synthesis Settings                                                                                             ;
+---------------------------------------------------------------------------------+--------------------+--------------------+
; Option                                                                          ; Setting            ; Default Value      ;
+---------------------------------------------------------------------------------+--------------------+--------------------+
; Device                                                                          ; 5CSEMA5F31C6       ;                    ;
; Top-level entity name                                                           ; mux                ; lab5part2          ;
; Family name                                                                     ; Cyclone V          ; Cyclone V          ;
; Use smart compilation                                                           ; Off                ; Off                ;
; Enable parallel Assembler and Timing Analyzer during compilation                ; On                 ; On                 ;
; Enable compact report table                                                     ; Off                ; Off                ;
; Restructure Multiplexers                                                        ; Auto               ; Auto               ;
; MLAB Add Timing Constraints For Mixed-Port Feed-Through Mode Setting Don't Care ; Off                ; Off                ;
; Create Debugging Nodes for IP Cores                                             ; Off                ; Off                ;
; Preserve fewer node names                                                       ; On                 ; On                 ;
; Intel FPGA IP Evaluation Mode                                                   ; Enable             ; Enable             ;
; Verilog Version                                                                 ; Verilog_2001       ; Verilog_2001       ;
; VHDL Version                                                                    ; VHDL_1993          ; VHDL_1993          ;
; State Machine Processing                                                        ; Auto               ; Auto               ;
; Safe State Machine                                                              ; Off                ; Off                ;
; Extract Verilog State Machines                                                  ; On                 ; On                 ;
; Extract VHDL State Machines                                                     ; On                 ; On                 ;
; Ignore Verilog initial constructs                                               ; Off                ; Off                ;
; Iteration limit for constant Verilog loops                                      ; 5000               ; 5000               ;
; Iteration limit for non-constant Verilog loops                                  ; 250                ; 250                ;
; Add Pass-Through Logic to Inferred RAMs                                         ; On                 ; On                 ;
; Infer RAMs from Raw Logic                                                       ; On                 ; On                 ;
; Parallel Synthesis                                                              ; On                 ; On                 ;
; DSP Block Balancing                                                             ; Auto               ; Auto               ;
; NOT Gate Push-Back                                                              ; On                 ; On                 ;
; Power-Up Don't Care                                                             ; On                 ; On                 ;
; Remove Redundant Logic Cells                                                    ; Off                ; Off                ;
; Remove Duplicate Registers                                                      ; On                 ; On                 ;
; Ignore CARRY Buffers                                                            ; Off                ; Off                ;
; Ignore CASCADE Buffers                                                          ; Off                ; Off                ;
; Ignore GLOBAL Buffers                                                           ; Off                ; Off                ;
; Ignore ROW GLOBAL Buffers                                                       ; Off                ; Off                ;
; Ignore LCELL Buffers                                                            ; Off                ; Off                ;
; Ignore SOFT Buffers                                                             ; On                 ; On                 ;
; Limit AHDL Integers to 32 Bits                                                  ; Off                ; Off                ;
; Optimization Technique                                                          ; Balanced           ; Balanced           ;
; Carry Chain Length                                                              ; 70                 ; 70                 ;
; Auto Carry Chains                                                               ; On                 ; On                 ;
; Auto Open-Drain Pins                                                            ; On                 ; On                 ;
; Perform WYSIWYG Primitive Resynthesis                                           ; Off                ; Off                ;
; Auto ROM Replacement                                                            ; On                 ; On                 ;
; Auto RAM Replacement                                                            ; On                 ; On                 ;
; Auto DSP Block Replacement                                                      ; On                 ; On                 ;
; Auto Shift Register Replacement                                                 ; Auto               ; Auto               ;
; Allow Shift Register Merging across Hierarchies                                 ; Auto               ; Auto               ;
; Auto Clock Enable Replacement                                                   ; On                 ; On                 ;
; Strict RAM Replacement                                                          ; Off                ; Off                ;
; Allow Synchronous Control Signals                                               ; On                 ; On                 ;
; Force Use of Synchronous Clear Signals                                          ; Off                ; Off                ;
; Auto Resource Sharing                                                           ; Off                ; Off                ;
; Allow Any RAM Size For Recognition                                              ; Off                ; Off                ;
; Allow Any ROM Size For Recognition                                              ; Off                ; Off                ;
; Allow Any Shift Register Size For Recognition                                   ; Off                ; Off                ;
; Use LogicLock Constraints during Resource Balancing                             ; On                 ; On                 ;
; Ignore translate_off and synthesis_off directives                               ; Off                ; Off                ;
; Timing-Driven Synthesis                                                         ; On                 ; On                 ;
; Report Parameter Settings                                                       ; On                 ; On                 ;
; Report Source Assignments                                                       ; On                 ; On                 ;
; Report Connectivity Checks                                                      ; On                 ; On                 ;
; Ignore Maximum Fan-Out Assignments                                              ; Off                ; Off                ;
; Synchronization Register Chain Length                                           ; 3                  ; 3                  ;
; Power Optimization During Synthesis                                             ; Normal compilation ; Normal compilation ;
; HDL message level                                                               ; Level2             ; Level2             ;
; Suppress Register Optimization Related Messages                                 ; Off                ; Off                ;
; Number of Removed Registers Reported in Synthesis Report                        ; 5000               ; 5000               ;
; Number of Swept Nodes Reported in Synthesis Report                              ; 5000               ; 5000               ;
; Number of Inverted Registers Reported in Synthesis Report                       ; 100                ; 100                ;
; Clock MUX Protection                                                            ; On                 ; On                 ;
; Auto Gated Clock Conversion                                                     ; Off                ; Off                ;
; Block Design Naming                                                             ; Auto               ; Auto               ;
; SDC constraint protection                                                       ; Off                ; Off                ;
; Synthesis Effort                                                                ; Auto               ; Auto               ;
; Shift Register Replacement - Allow Asynchronous Clear Signal                    ; On                 ; On                 ;
; Pre-Mapping Resynthesis Optimization                                            ; Off                ; Off                ;
; Analysis & Synthesis Message Level                                              ; Medium             ; Medium             ;
; Disable Register Merging Across Hierarchies                                     ; Auto               ; Auto               ;
; Resource Aware Inference For Block RAM                                          ; On                 ; On                 ;
; Automatic Parallel Synthesis                                                    ; On                 ; On                 ;
; Partial Reconfiguration Bitstream ID                                            ; Off                ; Off                ;
+---------------------------------------------------------------------------------+--------------------+--------------------+


+------------------------------------------+
; Parallel Compilation                     ;
+----------------------------+-------------+
; Processors                 ; Number      ;
+----------------------------+-------------+
; Number detected on machine ; 12          ;
; Maximum allowed            ; 6           ;
;                            ;             ;
; Average used               ; 1.00        ;
; Maximum used               ; 6           ;
;                            ;             ;
; Usage by Processor         ; % Time Used ;
;     Processor 1            ; 100.0%      ;
;     Processors 2-6         ;   0.0%      ;
+----------------------------+-------------+


+--------------------------------------------------------------------------------------------------------------------------------+
; Analysis & Synthesis Source Files Read                                                                                         ;
+----------------------------------+-----------------+------------------------+----------------------------------------+---------+
; File Name with User-Entered Path ; Used in Netlist ; File Type              ; File Name with Absolute Path           ; Library ;
+----------------------------------+-----------------+------------------------+----------------------------------------+---------+
; ../code/part2.v                  ; yes             ; User Verilog HDL File  ; W:/ECE241_labs/lab5/part2/code/part2.v ;         ;
; ../code/mux.v                    ; yes             ; User Verilog HDL File  ; W:/ECE241_labs/lab5/part2/code/mux.v   ;         ;
+----------------------------------+-----------------+------------------------+----------------------------------------+---------+


+------------------------------------------------------------+
; Analysis & Synthesis Resource Usage Summary                ;
+---------------------------------------------+--------------+
; Resource                                    ; Usage        ;
+---------------------------------------------+--------------+
; Estimate of Logic utilization (ALMs needed) ; 58           ;
;                                             ;              ;
; Combinational ALUT usage for logic          ; 105          ;
;     -- 7 input functions                    ; 0            ;
;     -- 6 input functions                    ; 11           ;
;     -- 5 input functions                    ; 5            ;
;     -- 4 input functions                    ; 3            ;
;     -- <=3 input functions                  ; 86           ;
;                                             ;              ;
; Dedicated logic registers                   ; 31           ;
;                                             ;              ;
; I/O pins                                    ; 22           ;
;                                             ;              ;
; Total DSP Blocks                            ; 0            ;
;                                             ;              ;
; Maximum fan-out node                        ; KEY[0]~input ;
; Maximum fan-out                             ; 32           ;
; Total fan-out                               ; 446          ;
; Average fan-out                             ; 2.48         ;
+---------------------------------------------+--------------+


+-------------------------------------------------------------------------------------------------------------------------------------------------------------------------------------------------------+
; Analysis & Synthesis Resource Utilization by Entity                                                                                                                                                   ;
+----------------------------+---------------------+---------------------------+-------------------+------------+------+--------------+---------------------------------+----------------+--------------+
; Compilation Hierarchy Node ; Combinational ALUTs ; Dedicated Logic Registers ; Block Memory Bits ; DSP Blocks ; Pins ; Virtual Pins ; Full Hierarchy Name             ; Entity Name    ; Library Name ;
+----------------------------+---------------------+---------------------------+-------------------+------------+------+--------------+---------------------------------+----------------+--------------+
; |mux                       ; 105 (1)             ; 31 (0)                    ; 0                 ; 0          ; 22   ; 0            ; |mux                            ; mux            ; work         ;
;    |part2:yy|              ; 104 (0)             ; 31 (0)                    ; 0                 ; 0          ; 0    ; 0            ; |mux|part2:yy                   ; part2          ; work         ;
;       |DisplayCounter:b1|  ; 7 (7)               ; 4 (4)                     ; 0                 ; 0          ; 0    ; 0            ; |mux|part2:yy|DisplayCounter:b1 ; DisplayCounter ; work         ;
;       |RateDivider0:a2|    ; 62 (62)             ; 0 (0)                     ; 0                 ; 0          ; 0    ; 0            ; |mux|part2:yy|RateDivider0:a2   ; RateDivider0   ; work         ;
;       |RateDivider1:a3|    ; 35 (35)             ; 27 (27)                   ; 0                 ; 0          ; 0    ; 0            ; |mux|part2:yy|RateDivider1:a3   ; RateDivider1   ; work         ;
+----------------------------+---------------------+---------------------------+-------------------+------------+------+--------------+---------------------------------+----------------+--------------+
Note: For table entries with two numbers listed, the numbers in parentheses indicate the number of resources of the given type used by the specific entity alone. The numbers listed outside of parentheses indicate the total resources of the given type used by the specific entity and all of its sub-entities in the hierarchy.


+-----------------------------------------------------------------------------------------------------------------+
; User-Specified and Inferred Latches                                                                             ;
+-----------------------------------------------------+----------------------------------+------------------------+
; Latch Name                                          ; Latch Enable Signal              ; Free of Timing Hazards ;
+-----------------------------------------------------+----------------------------------+------------------------+
; part2:yy|RateDivider0:a2|Enable                     ; part2:yy|RateDivider0:a2|always0 ; yes                    ;
; part2:yy|RateDivider0:a2|downCount0[1]              ; part2:yy|RateDivider0:a2|always0 ; yes                    ;
; part2:yy|RateDivider0:a2|downCount0[2]              ; part2:yy|RateDivider0:a2|always0 ; yes                    ;
; part2:yy|RateDivider0:a2|downCount0[3]              ; part2:yy|RateDivider0:a2|always0 ; yes                    ;
; part2:yy|RateDivider0:a2|downCount0[4]              ; part2:yy|RateDivider0:a2|always0 ; yes                    ;
; part2:yy|RateDivider0:a2|downCount0[5]              ; part2:yy|RateDivider0:a2|always0 ; yes                    ;
; part2:yy|RateDivider0:a2|downCount0[6]              ; part2:yy|RateDivider0:a2|always0 ; yes                    ;
; part2:yy|RateDivider0:a2|downCount0[7]              ; part2:yy|RateDivider0:a2|always0 ; yes                    ;
; part2:yy|RateDivider0:a2|downCount0[8]              ; part2:yy|RateDivider0:a2|always0 ; yes                    ;
; part2:yy|RateDivider0:a2|downCount0[9]              ; part2:yy|RateDivider0:a2|always0 ; yes                    ;
; part2:yy|RateDivider0:a2|downCount0[10]             ; part2:yy|RateDivider0:a2|always0 ; yes                    ;
; part2:yy|RateDivider0:a2|downCount0[11]             ; part2:yy|RateDivider0:a2|always0 ; yes                    ;
; part2:yy|RateDivider0:a2|downCount0[12]             ; part2:yy|RateDivider0:a2|always0 ; yes                    ;
; part2:yy|RateDivider0:a2|downCount0[13]             ; part2:yy|RateDivider0:a2|always0 ; yes                    ;
; part2:yy|RateDivider0:a2|downCount0[14]             ; part2:yy|RateDivider0:a2|always0 ; yes                    ;
; part2:yy|RateDivider0:a2|downCount0[15]             ; part2:yy|RateDivider0:a2|always0 ; yes                    ;
; part2:yy|RateDivider0:a2|downCount0[16]             ; part2:yy|RateDivider0:a2|always0 ; yes                    ;
; part2:yy|RateDivider0:a2|downCount0[17]             ; part2:yy|RateDivider0:a2|always0 ; yes                    ;
; part2:yy|RateDivider0:a2|downCount0[18]             ; part2:yy|RateDivider0:a2|always0 ; yes                    ;
; part2:yy|RateDivider0:a2|downCount0[19]             ; part2:yy|RateDivider0:a2|always0 ; yes                    ;
; part2:yy|RateDivider0:a2|downCount0[20]             ; part2:yy|RateDivider0:a2|always0 ; yes                    ;
; part2:yy|RateDivider0:a2|downCount0[21]             ; part2:yy|RateDivider0:a2|always0 ; yes                    ;
; part2:yy|RateDivider0:a2|downCount0[22]             ; part2:yy|RateDivider0:a2|always0 ; yes                    ;
; part2:yy|RateDivider0:a2|downCount0[23]             ; part2:yy|RateDivider0:a2|always0 ; yes                    ;
; part2:yy|RateDivider0:a2|downCount0[24]             ; part2:yy|RateDivider0:a2|always0 ; yes                    ;
; part2:yy|RateDivider0:a2|downCount0[25]             ; part2:yy|RateDivider0:a2|always0 ; yes                    ;
; part2:yy|RateDivider0:a2|downCount0[26]             ; part2:yy|RateDivider0:a2|always0 ; yes                    ;
; part2:yy|RateDivider0:a2|downCount0[0]              ; part2:yy|RateDivider0:a2|always0 ; yes                    ;
; Number of user-specified and inferred latches = 28  ;                                  ;                        ;
+-----------------------------------------------------+----------------------------------+------------------------+
Note: All latches listed above may not be present at the end of synthesis due to various synthesis optimizations.


+------------------------------------------------------+
; General Register Statistics                          ;
+----------------------------------------------+-------+
; Statistic                                    ; Value ;
+----------------------------------------------+-------+
; Total registers                              ; 31    ;
; Number of registers using Synchronous Clear  ; 0     ;
; Number of registers using Synchronous Load   ; 27    ;
; Number of registers using Asynchronous Clear ; 0     ;
; Number of registers using Asynchronous Load  ; 0     ;
; Number of registers using Clock Enable       ; 4     ;
; Number of registers using Preset             ; 0     ;
+----------------------------------------------+-------+


+---------------------------------------------------------------------------------------------------------------------------------------------------------------+
; Multiplexer Restructuring Statistics (Restructuring Performed)                                                                                                ;
+--------------------+-----------+---------------+----------------------+------------------------+------------+-------------------------------------------------+
; Multiplexer Inputs ; Bus Width ; Baseline Area ; Area if Restructured ; Saving if Restructured ; Registered ; Example Multiplexer Output                      ;
+--------------------+-----------+---------------+----------------------+------------------------+------------+-------------------------------------------------+
; 3:1                ; 4 bits    ; 8 LEs         ; 4 LEs                ; 4 LEs                  ; Yes        ; |mux|part2:yy|DisplayCounter:b1|CounterValue[0] ;
; 6:1                ; 27 bits   ; 108 LEs       ; 81 LEs               ; 27 LEs                 ; Yes        ; |mux|part2:yy|RateDivider1:a3|downCount1[0]     ;
+--------------------+-----------+---------------+----------------------+------------------------+------------+-------------------------------------------------+


+-------------------------------------------------------+
; Parameter Settings for User Entity Instance: part2:yy ;
+-----------------+-------+-----------------------------+
; Parameter Name  ; Value ; Type                        ;
+-----------------+-------+-----------------------------+
; CLOCK_FREQUENCY ; 2     ; Signed Integer              ;
+-----------------+-------+-----------------------------+
Note: In order to hide this table in the UI and the text report file, please set the "Show Parameter Settings in Synthesis Report" option in "Analysis and Synthesis Settings -> More Settings" to "Off".


+-----------------------------------------------------------------------+
; Parameter Settings for User Entity Instance: part2:yy|RateDivider1:a3 ;
+-----------------+-------+---------------------------------------------+
; Parameter Name  ; Value ; Type                                        ;
+-----------------+-------+---------------------------------------------+
; CLOCK_FREQUENCY ; 2     ; Signed Integer                              ;
+-----------------+-------+---------------------------------------------+
Note: In order to hide this table in the UI and the text report file, please set the "Show Parameter Settings in Synthesis Report" option in "Analysis and Synthesis Settings -> More Settings" to "Off".


+----------------------------------------------------------------------------------------------------------------------------------------------------------------------------------------------------------------+
; Port Connectivity Checks: "part2:yy|DisplayCounter:b1"                                                                                                                                                         ;
+----------+-------+----------+----------------------------------------------------------------------------------------------------------------------------------------------------------------------------------+
; Port     ; Type  ; Severity ; Details                                                                                                                                                                          ;
+----------+-------+----------+----------------------------------------------------------------------------------------------------------------------------------------------------------------------------------+
; EnableDC ; Input ; Warning  ; Input port expression (4 bits) is wider than the input port (1 bits) it drives.  The 3 most-significant bit(s) in the expression will be dangling if they have no other fanouts. ;
+----------+-------+----------+----------------------------------------------------------------------------------------------------------------------------------------------------------------------------------+


+----------------------------------------------------------------------------------------------------------------------------------------------------------------------------------------------------+
; Port Connectivity Checks: "part2:yy|RateDivider1:a3"                                                                                                                                               ;
+--------+--------+----------+-----------------------------------------------------------------------------------------------------------------------------------------------------------------------+
; Port   ; Type   ; Severity ; Details                                                                                                                                                               ;
+--------+--------+----------+-----------------------------------------------------------------------------------------------------------------------------------------------------------------------+
; Enable ; Output ; Warning  ; Output or bidir port (1 bits) is smaller than the port expression (4 bits) it drives.  The 3 most-significant bit(s) in the port expression will be connected to GND. ;
+--------+--------+----------+-----------------------------------------------------------------------------------------------------------------------------------------------------------------------+


+----------------------------------------------------------------------------------------------------------------------------------------------------------------------------------------------------+
; Port Connectivity Checks: "part2:yy|RateDivider0:a2"                                                                                                                                               ;
+--------+--------+----------+-----------------------------------------------------------------------------------------------------------------------------------------------------------------------+
; Port   ; Type   ; Severity ; Details                                                                                                                                                               ;
+--------+--------+----------+-----------------------------------------------------------------------------------------------------------------------------------------------------------------------+
; Enable ; Output ; Warning  ; Output or bidir port (1 bits) is smaller than the port expression (4 bits) it drives.  The 3 most-significant bit(s) in the port expression will be connected to GND. ;
+--------+--------+----------+-----------------------------------------------------------------------------------------------------------------------------------------------------------------------+


+-----------------------------------------------------+
; Post-Synthesis Netlist Statistics for Top Partition ;
+-----------------------+-----------------------------+
; Type                  ; Count                       ;
+-----------------------+-----------------------------+
; arriav_ff             ; 31                          ;
;     ENA               ; 4                           ;
;     SLD               ; 27                          ;
; arriav_lcell_comb     ; 105                         ;
;     arith             ; 54                          ;
;         1 data inputs ; 54                          ;
;     normal            ; 51                          ;
;         0 data inputs ; 1                           ;
;         2 data inputs ; 1                           ;
;         3 data inputs ; 30                          ;
;         4 data inputs ; 3                           ;
;         5 data inputs ; 5                           ;
;         6 data inputs ; 11                          ;
; boundary_port         ; 22                          ;
;                       ;                             ;
; Max LUT depth         ; 4.40                        ;
; Average LUT depth     ; 3.13                        ;
+-----------------------+-----------------------------+


+-------------------------------+
; Elapsed Time Per Partition    ;
+----------------+--------------+
; Partition Name ; Elapsed Time ;
+----------------+--------------+
; Top            ; 00:00:14     ;
+----------------+--------------+


+-------------------------------+
; Analysis & Synthesis Messages ;
+-------------------------------+
Info: *******************************************************************
Info: Running Quartus Prime Analysis & Synthesis
    Info: Version 18.0.0 Build 614 04/24/2018 SJ Standard Edition
    Info: Processing started: Mon Oct 23 10:07:17 2023
Info: Command: quartus_map --read_settings_files=on --write_settings_files=off lab5part2 -c lab5part2
Warning (18236): Number of processors has not been specified which may cause overloading on shared machines.  Set the global assignment NUM_PARALLEL_PROCESSORS in your QSF to an appropriate value for best performance.
Info (20030): Parallel compilation is enabled and will use 6 of the 6 processors detected
Info (12021): Found 4 design units, including 4 entities, in source file /ece241_labs/lab5/part2/code/part2.v
    Info (12023): Found entity 1: part2 File: W:/ECE241_labs/lab5/part2/code/part2.v Line: 1
    Info (12023): Found entity 2: RateDivider0 File: W:/ECE241_labs/lab5/part2/code/part2.v Line: 26
    Info (12023): Found entity 3: RateDivider1 File: W:/ECE241_labs/lab5/part2/code/part2.v Line: 48
    Info (12023): Found entity 4: DisplayCounter File: W:/ECE241_labs/lab5/part2/code/part2.v Line: 88
Warning (12090): Entity "mux" obtained from "../code/mux.v" instead of from Quartus Prime megafunction library File: W:/ECE241_labs/lab5/part2/code/mux.v Line: 8
Info (12021): Found 1 design units, including 1 entities, in source file /ece241_labs/lab5/part2/code/mux.v
    Info (12023): Found entity 1: mux File: W:/ECE241_labs/lab5/part2/code/mux.v Line: 8
Info (12127): Elaborating entity "mux" for the top level hierarchy
Warning (10034): Output port "LEDR[9..4]" at mux.v(11) has no driver File: W:/ECE241_labs/lab5/part2/code/mux.v Line: 11
Info (12128): Elaborating entity "part2" for hierarchy "part2:yy" File: W:/ECE241_labs/lab5/part2/code/mux.v Line: 18
Info (12128): Elaborating entity "RateDivider0" for hierarchy "part2:yy|RateDivider0:a2" File: W:/ECE241_labs/lab5/part2/code/part2.v Line: 11
Warning (10235): Verilog HDL Always Construct warning at part2.v(35): variable "Reset" is read inside the Always Construct but isn't in the Always Construct's Event Control File: W:/ECE241_labs/lab5/part2/code/part2.v Line: 35
Warning (10235): Verilog HDL Always Construct warning at part2.v(35): variable "downCount0" is read inside the Always Construct but isn't in the Always Construct's Event Control File: W:/ECE241_labs/lab5/part2/code/part2.v Line: 35
Warning (10235): Verilog HDL Always Construct warning at part2.v(41): variable "downCount0" is read inside the Always Construct but isn't in the Always Construct's Event Control File: W:/ECE241_labs/lab5/part2/code/part2.v Line: 41
Warning (10230): Verilog HDL assignment warning at part2.v(41): truncated value with size 32 to match size of target (27) File: W:/ECE241_labs/lab5/part2/code/part2.v Line: 41
Warning (10240): Verilog HDL Always Construct warning at part2.v(32): inferring latch(es) for variable "Enable", which holds its previous value in one or more paths through the always construct File: W:/ECE241_labs/lab5/part2/code/part2.v Line: 32
Warning (10240): Verilog HDL Always Construct warning at part2.v(32): inferring latch(es) for variable "downCount0", which holds its previous value in one or more paths through the always construct File: W:/ECE241_labs/lab5/part2/code/part2.v Line: 32
Info (10041): Inferred latch for "downCount0[0]" at part2.v(32) File: W:/ECE241_labs/lab5/part2/code/part2.v Line: 32
Info (10041): Inferred latch for "downCount0[1]" at part2.v(32) File: W:/ECE241_labs/lab5/part2/code/part2.v Line: 32
Info (10041): Inferred latch for "downCount0[2]" at part2.v(32) File: W:/ECE241_labs/lab5/part2/code/part2.v Line: 32
Info (10041): Inferred latch for "downCount0[3]" at part2.v(32) File: W:/ECE241_labs/lab5/part2/code/part2.v Line: 32
Info (10041): Inferred latch for "downCount0[4]" at part2.v(32) File: W:/ECE241_labs/lab5/part2/code/part2.v Line: 32
Info (10041): Inferred latch for "downCount0[5]" at part2.v(32) File: W:/ECE241_labs/lab5/part2/code/part2.v Line: 32
Info (10041): Inferred latch for "downCount0[6]" at part2.v(32) File: W:/ECE241_labs/lab5/part2/code/part2.v Line: 32
Info (10041): Inferred latch for "downCount0[7]" at part2.v(32) File: W:/ECE241_labs/lab5/part2/code/part2.v Line: 32
Info (10041): Inferred latch for "downCount0[8]" at part2.v(32) File: W:/ECE241_labs/lab5/part2/code/part2.v Line: 32
Info (10041): Inferred latch for "downCount0[9]" at part2.v(32) File: W:/ECE241_labs/lab5/part2/code/part2.v Line: 32
Info (10041): Inferred latch for "downCount0[10]" at part2.v(32) File: W:/ECE241_labs/lab5/part2/code/part2.v Line: 32
Info (10041): Inferred latch for "downCount0[11]" at part2.v(32) File: W:/ECE241_labs/lab5/part2/code/part2.v Line: 32
Info (10041): Inferred latch for "downCount0[12]" at part2.v(32) File: W:/ECE241_labs/lab5/part2/code/part2.v Line: 32
Info (10041): Inferred latch for "downCount0[13]" at part2.v(32) File: W:/ECE241_labs/lab5/part2/code/part2.v Line: 32
Info (10041): Inferred latch for "downCount0[14]" at part2.v(32) File: W:/ECE241_labs/lab5/part2/code/part2.v Line: 32
Info (10041): Inferred latch for "downCount0[15]" at part2.v(32) File: W:/ECE241_labs/lab5/part2/code/part2.v Line: 32
Info (10041): Inferred latch for "downCount0[16]" at part2.v(32) File: W:/ECE241_labs/lab5/part2/code/part2.v Line: 32
Info (10041): Inferred latch for "downCount0[17]" at part2.v(32) File: W:/ECE241_labs/lab5/part2/code/part2.v Line: 32
Info (10041): Inferred latch for "downCount0[18]" at part2.v(32) File: W:/ECE241_labs/lab5/part2/code/part2.v Line: 32
Info (10041): Inferred latch for "downCount0[19]" at part2.v(32) File: W:/ECE241_labs/lab5/part2/code/part2.v Line: 32
Info (10041): Inferred latch for "downCount0[20]" at part2.v(32) File: W:/ECE241_labs/lab5/part2/code/part2.v Line: 32
Info (10041): Inferred latch for "downCount0[21]" at part2.v(32) File: W:/ECE241_labs/lab5/part2/code/part2.v Line: 32
Info (10041): Inferred latch for "downCount0[22]" at part2.v(32) File: W:/ECE241_labs/lab5/part2/code/part2.v Line: 32
Info (10041): Inferred latch for "downCount0[23]" at part2.v(32) File: W:/ECE241_labs/lab5/part2/code/part2.v Line: 32
Info (10041): Inferred latch for "downCount0[24]" at part2.v(32) File: W:/ECE241_labs/lab5/part2/code/part2.v Line: 32
Info (10041): Inferred latch for "downCount0[25]" at part2.v(32) File: W:/ECE241_labs/lab5/part2/code/part2.v Line: 32
Info (10041): Inferred latch for "downCount0[26]" at part2.v(32) File: W:/ECE241_labs/lab5/part2/code/part2.v Line: 32
Info (10041): Inferred latch for "Enable" at part2.v(32) File: W:/ECE241_labs/lab5/part2/code/part2.v Line: 32
Info (12128): Elaborating entity "RateDivider1" for hierarchy "part2:yy|RateDivider1:a3" File: W:/ECE241_labs/lab5/part2/code/part2.v Line: 12
Warning (10230): Verilog HDL assignment warning at part2.v(63): truncated value with size 32 to match size of target (27) File: W:/ECE241_labs/lab5/part2/code/part2.v Line: 63
Warning (10230): Verilog HDL assignment warning at part2.v(65): truncated value with size 32 to match size of target (27) File: W:/ECE241_labs/lab5/part2/code/part2.v Line: 65
Warning (10230): Verilog HDL assignment warning at part2.v(67): truncated value with size 32 to match size of target (27) File: W:/ECE241_labs/lab5/part2/code/part2.v Line: 67
Warning (10230): Verilog HDL assignment warning at part2.v(71): truncated value with size 32 to match size of target (27) File: W:/ECE241_labs/lab5/part2/code/part2.v Line: 71
Info (12128): Elaborating entity "DisplayCounter" for hierarchy "part2:yy|DisplayCounter:b1" File: W:/ECE241_labs/lab5/part2/code/part2.v Line: 22
Warning (10230): Verilog HDL assignment warning at part2.v(99): truncated value with size 32 to match size of target (4) File: W:/ECE241_labs/lab5/part2/code/part2.v Line: 99
Warning (12241): 3 hierarchies have connectivity warnings - see the Connectivity Checks report folder
Warning (13024): Output pins are stuck at VCC or GND
    Warning (13410): Pin "LEDR[4]" is stuck at GND File: W:/ECE241_labs/lab5/part2/code/mux.v Line: 11
    Warning (13410): Pin "LEDR[5]" is stuck at GND File: W:/ECE241_labs/lab5/part2/code/mux.v Line: 11
    Warning (13410): Pin "LEDR[6]" is stuck at GND File: W:/ECE241_labs/lab5/part2/code/mux.v Line: 11
    Warning (13410): Pin "LEDR[7]" is stuck at GND File: W:/ECE241_labs/lab5/part2/code/mux.v Line: 11
    Warning (13410): Pin "LEDR[8]" is stuck at GND File: W:/ECE241_labs/lab5/part2/code/mux.v Line: 11
    Warning (13410): Pin "LEDR[9]" is stuck at GND File: W:/ECE241_labs/lab5/part2/code/mux.v Line: 11
Info (286030): Timing-Driven Synthesis is running
Info (16010): Generating hard_block partition "hard_block:auto_generated_inst"
    Info (16011): Adding 0 node(s), including 0 DDIO, 0 PLL, 0 transceiver and 0 LCELL
Warning (21074): Design contains 8 input pin(s) that do not drive logic
    Warning (15610): No output dependent on input pin "SW[2]" File: W:/ECE241_labs/lab5/part2/code/mux.v Line: 9
    Warning (15610): No output dependent on input pin "SW[3]" File: W:/ECE241_labs/lab5/part2/code/mux.v Line: 9
    Warning (15610): No output dependent on input pin "SW[4]" File: W:/ECE241_labs/lab5/part2/code/mux.v Line: 9
    Warning (15610): No output dependent on input pin "SW[5]" File: W:/ECE241_labs/lab5/part2/code/mux.v Line: 9
    Warning (15610): No output dependent on input pin "SW[6]" File: W:/ECE241_labs/lab5/part2/code/mux.v Line: 9
    Warning (15610): No output dependent on input pin "SW[7]" File: W:/ECE241_labs/lab5/part2/code/mux.v Line: 9
    Warning (15610): No output dependent on input pin "SW[8]" File: W:/ECE241_labs/lab5/part2/code/mux.v Line: 9
    Warning (15610): No output dependent on input pin "SW[9]" File: W:/ECE241_labs/lab5/part2/code/mux.v Line: 9
Info (21057): Implemented 127 device resources after synthesis - the final resource count might be different
    Info (21058): Implemented 12 input pins
    Info (21059): Implemented 10 output pins
    Info (21061): Implemented 105 logic cells
Info: Quartus Prime Analysis & Synthesis was successful. 0 errors, 31 warnings
    Info: Peak virtual memory: 4852 megabytes
    Info: Processing ended: Mon Oct 23 10:08:01 2023
    Info: Elapsed time: 00:00:44
    Info: Total CPU time (on all processors): 00:00:17


